<?xml version="1.0" encoding="UTF-8"?>
<testng-results ignored="0" total="2" passed="2" failed="0" skipped="0">
  <reporter-output>
  </reporter-output>
  <suite started-at="2021-12-06T14:29:27 ICT" name="Default suite" finished-at="2021-12-06T14:29:53 ICT" duration-ms="25380">
    <groups>
    </groups>
    <test started-at="2021-12-06T14:29:27 ICT" name="Default test" finished-at="2021-12-06T14:29:53 ICT" duration-ms="25380">
      <class name="com.mytest.Example">
        <test-method is-config="true" signature="setUp()[pri:0, instance:com.mytest.Example@9353778]" started-at="2021-12-06T14:29:27 ICT" name="setUp" finished-at="2021-12-06T14:29:28 ICT" duration-ms="922" status="PASS">
          <reporter-output>
          </reporter-output>
        </test-method> <!-- setUp -->
        <test-method signature="TestCase01()[pri:0, instance:com.mytest.Example@9353778]" started-at="2021-12-06T14:29:28 ICT" name="TestCase01" description="TC01: Check message when submiting form with invalid required value" finished-at="2021-12-06T14:29:46 ICT" duration-ms="18056" status="PASS">
          <reporter-output>
          </reporter-output>
        </test-method> <!-- TestCase01 -->
        <test-method is-config="true" signature="clearUp()[pri:0, instance:com.mytest.Example@9353778]" started-at="2021-12-06T14:29:46 ICT" name="clearUp" finished-at="2021-12-06T14:29:47 ICT" duration-ms="797" status="PASS">
          <reporter-output>
          </reporter-output>
        </test-method> <!-- clearUp -->
        <test-method signature="TestCase02()[pri:0, instance:com.mytest.Example@9353778]" started-at="2021-12-06T14:29:47 ICT" name="TestCase02" description="TC02: Check message when submiting form with valid value" finished-at="2021-12-06T14:29:52 ICT" duration-ms="4709" status="PASS">
          <reporter-output>
          </reporter-output>
        </test-method> <!-- TestCase02 -->
        <test-method is-config="true" signature="clearUp()[pri:0, instance:com.mytest.Example@9353778]" started-at="2021-12-06T14:29:52 ICT" name="clearUp" finished-at="2021-12-06T14:29:53 ICT" duration-ms="864" status="PASS">
          <reporter-output>
          </reporter-output>
        </test-method> <!-- clearUp -->
        <test-method is-config="true" signature="tearDown()[pri:0, instance:com.mytest.Example@9353778]" started-at="2021-12-06T14:29:53 ICT" name="tearDown" finished-at="2021-12-06T14:29:53 ICT" duration-ms="132" status="PASS">
          <reporter-output>
          </reporter-output>
        </test-method> <!-- tearDown -->
      </class> <!-- com.mytest.Example -->
    </test> <!-- Default test -->
  </suite> <!-- Default suite -->
</testng-results>
